INFO: Running with entropic power schedule (0xFF, 100).
INFO: Seed: 3628284097
INFO: Loaded 1 modules   (47 inline 8-bit counters): 47 [0x5626f6733050, 0x5626f673307f), 
INFO: Loaded 1 PC tables (47 PCs): 47 [0x5626f6733080,0x5626f6733370), 
INFO:        1 files found in ./new_corpus/
INFO: seed corpus: files: 1 min: 24b max: 24b total: 24b rss: 30Mb
#2	INITED cov: 20 ft: 21 corp: 1/24b exec/s: 0 rss: 31Mb
#3	NEW    cov: 22 ft: 30 corp: 2/48b lim: 24 exec/s: 0 rss: 31Mb L: 24/24 MS: 1 ChangeBinInt-
#4	NEW    cov: 22 ft: 43 corp: 3/72b lim: 24 exec/s: 0 rss: 31Mb L: 24/24 MS: 1 CrossOver-
#6	NEW    cov: 22 ft: 44 corp: 4/96b lim: 24 exec/s: 0 rss: 31Mb L: 24/24 MS: 2 ChangeASCIIInt-CopyPart-
#8	NEW    cov: 22 ft: 47 corp: 5/113b lim: 24 exec/s: 0 rss: 31Mb L: 17/24 MS: 2 ChangeByte-EraseBytes-
#9	NEW    cov: 22 ft: 52 corp: 6/137b lim: 24 exec/s: 0 rss: 31Mb L: 24/24 MS: 1 CrossOver-
#14	NEW    cov: 23 ft: 57 corp: 7/152b lim: 24 exec/s: 0 rss: 31Mb L: 15/24 MS: 5 ChangeBit-ChangeByte-CopyPart-EraseBytes-ShuffleBytes-
#15	NEW    cov: 23 ft: 65 corp: 8/169b lim: 24 exec/s: 0 rss: 31Mb L: 17/24 MS: 1 ChangeByte-
#16	NEW    cov: 23 ft: 67 corp: 9/177b lim: 24 exec/s: 0 rss: 31Mb L: 8/24 MS: 1 CrossOver-
#19	NEW    cov: 23 ft: 68 corp: 10/201b lim: 24 exec/s: 0 rss: 31Mb L: 24/24 MS: 3 ChangeBit-ChangeBinInt-CrossOver-
#21	NEW    cov: 24 ft: 69 corp: 11/225b lim: 24 exec/s: 0 rss: 31Mb L: 24/24 MS: 2 ChangeBit-ShuffleBytes-
#29	NEW    cov: 25 ft: 70 corp: 12/249b lim: 24 exec/s: 0 rss: 31Mb L: 24/24 MS: 3 CMP-CrossOver-CMP- DE: "\001\000\000\000"-".\310p\243\216\177\000\000"-
#35	NEW    cov: 25 ft: 71 corp: 13/270b lim: 24 exec/s: 0 rss: 31Mb L: 21/24 MS: 1 CopyPart-
#36	NEW    cov: 25 ft: 75 corp: 14/286b lim: 24 exec/s: 0 rss: 31Mb L: 16/24 MS: 1 EraseBytes-
#46	NEW    cov: 26 ft: 76 corp: 15/310b lim: 24 exec/s: 0 rss: 31Mb L: 24/24 MS: 5 CrossOver-ChangeBinInt-ChangeASCIIInt-PersAutoDict-ShuffleBytes- DE: "\001\000\000\000"-
#55	NEW    cov: 26 ft: 78 corp: 16/333b lim: 24 exec/s: 0 rss: 31Mb L: 23/24 MS: 4 InsertRepeatedBytes-ChangeBit-EraseBytes-CrossOver-
#82	NEW    cov: 26 ft: 79 corp: 17/341b lim: 24 exec/s: 0 rss: 32Mb L: 8/24 MS: 2 ChangeASCIIInt-CrossOver-
#94	NEW    cov: 26 ft: 80 corp: 18/362b lim: 24 exec/s: 0 rss: 32Mb L: 21/24 MS: 2 ChangeByte-CrossOver-
#96	NEW    cov: 26 ft: 81 corp: 19/386b lim: 24 exec/s: 0 rss: 32Mb L: 24/24 MS: 2 ChangeBit-PersAutoDict- DE: "\001\000\000\000"-
#137	NEW    cov: 26 ft: 82 corp: 20/410b lim: 24 exec/s: 0 rss: 32Mb L: 24/24 MS: 1 CrossOver-
#153	REDUCE cov: 26 ft: 82 corp: 20/401b lim: 24 exec/s: 0 rss: 32Mb L: 15/24 MS: 1 EraseBytes-
#160	NEW    cov: 26 ft: 84 corp: 21/409b lim: 24 exec/s: 0 rss: 32Mb L: 8/24 MS: 2 EraseBytes-EraseBytes-
#188	REDUCE cov: 26 ft: 84 corp: 21/403b lim: 24 exec/s: 0 rss: 32Mb L: 18/24 MS: 3 ShuffleBytes-EraseBytes-CrossOver-
#209	REDUCE cov: 26 ft: 84 corp: 21/401b lim: 24 exec/s: 0 rss: 32Mb L: 6/24 MS: 1 EraseBytes-
#211	REDUCE cov: 26 ft: 84 corp: 21/400b lim: 24 exec/s: 0 rss: 32Mb L: 20/24 MS: 2 ChangeASCIIInt-EraseBytes-
#217	REDUCE cov: 26 ft: 84 corp: 21/399b lim: 24 exec/s: 0 rss: 32Mb L: 22/24 MS: 1 EraseBytes-
#225	NEW    cov: 26 ft: 86 corp: 22/408b lim: 24 exec/s: 0 rss: 32Mb L: 9/24 MS: 3 ShuffleBytes-InsertByte-CMP- DE: "\377\377\377\377\377\377\377\027"-
#246	REDUCE cov: 26 ft: 86 corp: 22/406b lim: 24 exec/s: 0 rss: 32Mb L: 13/24 MS: 1 EraseBytes-
#270	NEW    cov: 26 ft: 87 corp: 23/421b lim: 24 exec/s: 0 rss: 32Mb L: 15/24 MS: 4 CrossOver-CrossOver-CrossOver-CrossOver-
#273	REDUCE cov: 26 ft: 87 corp: 23/416b lim: 24 exec/s: 0 rss: 32Mb L: 12/24 MS: 3 ChangeByte-ChangeASCIIInt-EraseBytes-
#296	REDUCE cov: 26 ft: 87 corp: 23/408b lim: 24 exec/s: 0 rss: 32Mb L: 14/24 MS: 3 ChangeASCIIInt-ChangeBit-EraseBytes-
#325	NEW    cov: 26 ft: 92 corp: 24/432b lim: 24 exec/s: 0 rss: 32Mb L: 24/24 MS: 4 PersAutoDict-ChangeBinInt-ChangeBinInt-InsertRepeatedBytes- DE: "\001\000\000\000"-
#349	REDUCE cov: 26 ft: 92 corp: 24/428b lim: 24 exec/s: 0 rss: 32Mb L: 20/24 MS: 4 CopyPart-PersAutoDict-CopyPart-EraseBytes- DE: "\377\377\377\377\377\377\377\027"-
#420	REDUCE cov: 26 ft: 92 corp: 24/422b lim: 24 exec/s: 0 rss: 33Mb L: 8/24 MS: 1 EraseBytes-
#422	REDUCE cov: 26 ft: 92 corp: 24/421b lim: 24 exec/s: 0 rss: 33Mb L: 23/24 MS: 2 CrossOver-CrossOver-
#503	REDUCE cov: 26 ft: 92 corp: 24/417b lim: 24 exec/s: 0 rss: 33Mb L: 13/24 MS: 1 EraseBytes-
#524	REDUCE cov: 26 ft: 92 corp: 24/412b lim: 24 exec/s: 0 rss: 33Mb L: 18/24 MS: 1 EraseBytes-
#639	REDUCE cov: 26 ft: 92 corp: 24/406b lim: 24 exec/s: 0 rss: 33Mb L: 14/24 MS: 5 CMP-CopyPart-CrossOver-ChangeBit-EraseBytes- DE: "\000\000\000\000"-
#651	REDUCE cov: 26 ft: 92 corp: 24/401b lim: 24 exec/s: 0 rss: 33Mb L: 9/24 MS: 2 CMP-EraseBytes- DE: "\000\000"-
#653	REDUCE cov: 26 ft: 92 corp: 24/394b lim: 24 exec/s: 0 rss: 33Mb L: 17/24 MS: 2 ChangeByte-EraseBytes-
#698	REDUCE cov: 26 ft: 92 corp: 24/389b lim: 24 exec/s: 0 rss: 33Mb L: 11/24 MS: 5 EraseBytes-ChangeByte-InsertByte-ChangeByte-InsertByte-
#850	REDUCE cov: 26 ft: 92 corp: 24/384b lim: 24 exec/s: 0 rss: 33Mb L: 12/24 MS: 2 ChangeBinInt-EraseBytes-
#897	REDUCE cov: 26 ft: 92 corp: 24/383b lim: 24 exec/s: 0 rss: 33Mb L: 23/24 MS: 2 ChangeBinInt-EraseBytes-
#949	REDUCE cov: 26 ft: 92 corp: 24/380b lim: 24 exec/s: 0 rss: 33Mb L: 21/24 MS: 2 ChangeASCIIInt-EraseBytes-
#955	REDUCE cov: 26 ft: 92 corp: 24/378b lim: 24 exec/s: 0 rss: 33Mb L: 16/24 MS: 1 EraseBytes-
#988	REDUCE cov: 26 ft: 92 corp: 24/373b lim: 24 exec/s: 0 rss: 33Mb L: 6/24 MS: 3 EraseBytes-EraseBytes-ShuffleBytes-
#1036	REDUCE cov: 26 ft: 92 corp: 24/369b lim: 24 exec/s: 0 rss: 33Mb L: 5/24 MS: 3 CrossOver-ChangeBinInt-EraseBytes-
#1042	REDUCE cov: 26 ft: 92 corp: 24/366b lim: 24 exec/s: 0 rss: 33Mb L: 3/24 MS: 1 EraseBytes-
#1079	REDUCE cov: 26 ft: 92 corp: 24/365b lim: 24 exec/s: 0 rss: 33Mb L: 12/24 MS: 2 ChangeByte-EraseBytes-
#1092	REDUCE cov: 26 ft: 92 corp: 24/361b lim: 24 exec/s: 0 rss: 33Mb L: 11/24 MS: 3 EraseBytes-ChangeASCIIInt-InsertByte-
#1100	REDUCE cov: 26 ft: 92 corp: 24/359b lim: 24 exec/s: 0 rss: 33Mb L: 11/24 MS: 3 ChangeASCIIInt-ShuffleBytes-EraseBytes-
#1109	REDUCE cov: 26 ft: 92 corp: 24/356b lim: 24 exec/s: 0 rss: 33Mb L: 18/24 MS: 4 ShuffleBytes-EraseBytes-ChangeBit-ShuffleBytes-
#1150	REDUCE cov: 26 ft: 92 corp: 24/352b lim: 24 exec/s: 0 rss: 33Mb L: 5/24 MS: 1 EraseBytes-
#1195	REDUCE cov: 26 ft: 92 corp: 24/345b lim: 24 exec/s: 0 rss: 33Mb L: 17/24 MS: 5 ChangeBinInt-ChangeBinInt-CrossOver-ChangeBinInt-EraseBytes-
#1219	REDUCE cov: 26 ft: 92 corp: 24/343b lim: 24 exec/s: 0 rss: 33Mb L: 6/24 MS: 4 EraseBytes-ShuffleBytes-ChangeBit-CopyPart-
#1242	REDUCE cov: 26 ft: 93 corp: 25/355b lim: 24 exec/s: 0 rss: 33Mb L: 12/24 MS: 3 ChangeASCIIInt-ChangeASCIIInt-ShuffleBytes-
#1363	REDUCE cov: 26 ft: 93 corp: 25/333b lim: 24 exec/s: 0 rss: 33Mb L: 2/24 MS: 1 CrossOver-
#1370	REDUCE cov: 26 ft: 93 corp: 25/318b lim: 24 exec/s: 0 rss: 33Mb L: 5/24 MS: 2 CrossOver-ChangeBit-
#1437	REDUCE cov: 26 ft: 93 corp: 25/316b lim: 24 exec/s: 0 rss: 33Mb L: 10/24 MS: 2 EraseBytes-ShuffleBytes-
#1546	REDUCE cov: 26 ft: 93 corp: 25/309b lim: 24 exec/s: 0 rss: 34Mb L: 14/24 MS: 4 ChangeASCIIInt-ChangeBinInt-ShuffleBytes-EraseBytes-
#1577	REDUCE cov: 26 ft: 93 corp: 25/307b lim: 24 exec/s: 0 rss: 34Mb L: 21/24 MS: 1 EraseBytes-
#1599	REDUCE cov: 26 ft: 93 corp: 25/306b lim: 24 exec/s: 0 rss: 34Mb L: 4/24 MS: 2 ShuffleBytes-EraseBytes-
#1768	REDUCE cov: 26 ft: 93 corp: 25/304b lim: 24 exec/s: 0 rss: 34Mb L: 16/24 MS: 4 ShuffleBytes-ChangeASCIIInt-CopyPart-EraseBytes-
#1858	REDUCE cov: 26 ft: 93 corp: 25/303b lim: 24 exec/s: 0 rss: 34Mb L: 2/24 MS: 5 ShuffleBytes-ChangeByte-EraseBytes-ChangeBit-ChangeBinInt-
#1924	REDUCE cov: 26 ft: 93 corp: 25/301b lim: 24 exec/s: 0 rss: 34Mb L: 16/24 MS: 1 EraseBytes-
#1946	REDUCE cov: 26 ft: 93 corp: 25/297b lim: 24 exec/s: 0 rss: 34Mb L: 12/24 MS: 2 CopyPart-EraseBytes-
#2147	REDUCE cov: 26 ft: 93 corp: 25/290b lim: 24 exec/s: 0 rss: 34Mb L: 17/24 MS: 1 EraseBytes-
#2292	REDUCE cov: 26 ft: 93 corp: 25/282b lim: 24 exec/s: 0 rss: 34Mb L: 9/24 MS: 5 ChangeBit-ChangeBit-CrossOver-EraseBytes-ShuffleBytes-
#2498	REDUCE cov: 26 ft: 93 corp: 25/280b lim: 24 exec/s: 0 rss: 34Mb L: 22/24 MS: 1 EraseBytes-
#2534	REDUCE cov: 26 ft: 93 corp: 25/279b lim: 24 exec/s: 0 rss: 34Mb L: 3/24 MS: 1 EraseBytes-
#2540	REDUCE cov: 26 ft: 93 corp: 25/278b lim: 24 exec/s: 0 rss: 34Mb L: 11/24 MS: 1 EraseBytes-
#2541	REDUCE cov: 26 ft: 94 corp: 26/296b lim: 24 exec/s: 0 rss: 34Mb L: 18/24 MS: 1 CopyPart-
#2654	REDUCE cov: 26 ft: 95 corp: 27/320b lim: 24 exec/s: 0 rss: 34Mb L: 24/24 MS: 3 CopyPart-InsertRepeatedBytes-CopyPart-
#2656	REDUCE cov: 26 ft: 95 corp: 27/315b lim: 24 exec/s: 0 rss: 34Mb L: 6/24 MS: 2 EraseBytes-ShuffleBytes-
#2727	REDUCE cov: 26 ft: 95 corp: 27/314b lim: 24 exec/s: 0 rss: 34Mb L: 11/24 MS: 1 EraseBytes-
#2740	REDUCE cov: 26 ft: 95 corp: 27/310b lim: 24 exec/s: 0 rss: 34Mb L: 17/24 MS: 3 CrossOver-CopyPart-CrossOver-
#2822	REDUCE cov: 26 ft: 96 corp: 28/327b lim: 24 exec/s: 0 rss: 34Mb L: 17/24 MS: 2 ChangeBit-CrossOver-
#2911	REDUCE cov: 26 ft: 96 corp: 28/323b lim: 24 exec/s: 0 rss: 34Mb L: 7/24 MS: 4 InsertByte-ChangeByte-ChangeASCIIInt-EraseBytes-
#2985	REDUCE cov: 26 ft: 96 corp: 28/321b lim: 24 exec/s: 0 rss: 34Mb L: 8/24 MS: 4 CopyPart-EraseBytes-ShuffleBytes-CopyPart-
#3122	REDUCE cov: 26 ft: 96 corp: 28/320b lim: 24 exec/s: 0 rss: 34Mb L: 1/24 MS: 2 EraseBytes-CrossOver-
#3124	REDUCE cov: 26 ft: 96 corp: 28/319b lim: 24 exec/s: 0 rss: 34Mb L: 1/24 MS: 2 ShuffleBytes-EraseBytes-
#3180	REDUCE cov: 26 ft: 96 corp: 28/317b lim: 24 exec/s: 0 rss: 34Mb L: 3/24 MS: 1 EraseBytes-
#3230	REDUCE cov: 27 ft: 97 corp: 29/339b lim: 24 exec/s: 0 rss: 34Mb L: 22/24 MS: 5 InsertByte-ChangeASCIIInt-CrossOver-CrossOver-InsertRepeatedBytes-
#3235	REDUCE cov: 27 ft: 97 corp: 29/335b lim: 24 exec/s: 0 rss: 34Mb L: 4/24 MS: 5 CopyPart-ChangeBinInt-EraseBytes-ChangeByte-ChangeASCIIInt-
#3248	NEW    cov: 28 ft: 99 corp: 30/357b lim: 24 exec/s: 0 rss: 34Mb L: 22/24 MS: 3 ShuffleBytes-ShuffleBytes-CopyPart-
#3253	REDUCE cov: 28 ft: 99 corp: 30/356b lim: 24 exec/s: 0 rss: 34Mb L: 11/24 MS: 5 ChangeBinInt-EraseBytes-ChangeBit-ChangeBit-CrossOver-
#3309	REDUCE cov: 28 ft: 99 corp: 30/355b lim: 24 exec/s: 0 rss: 34Mb L: 21/24 MS: 1 EraseBytes-
#3410	REDUCE cov: 28 ft: 99 corp: 30/353b lim: 24 exec/s: 0 rss: 34Mb L: 15/24 MS: 1 EraseBytes-
#3581	REDUCE cov: 28 ft: 99 corp: 30/351b lim: 24 exec/s: 0 rss: 34Mb L: 14/24 MS: 1 EraseBytes-
#3673	REDUCE cov: 28 ft: 99 corp: 30/348b lim: 24 exec/s: 0 rss: 34Mb L: 9/24 MS: 2 ChangeASCIIInt-EraseBytes-
#3858	REDUCE cov: 28 ft: 99 corp: 30/345b lim: 24 exec/s: 0 rss: 34Mb L: 12/24 MS: 5 ChangeASCIIInt-ShuffleBytes-ShuffleBytes-CopyPart-EraseBytes-
#3979	REDUCE cov: 28 ft: 99 corp: 30/337b lim: 24 exec/s: 0 rss: 34Mb L: 13/24 MS: 1 EraseBytes-
#4025	REDUCE cov: 28 ft: 99 corp: 30/333b lim: 24 exec/s: 0 rss: 34Mb L: 20/24 MS: 1 EraseBytes-
#4138	REDUCE cov: 28 ft: 99 corp: 30/328b lim: 24 exec/s: 0 rss: 34Mb L: 12/24 MS: 3 InsertByte-ChangeASCIIInt-EraseBytes-
#4587	REDUCE cov: 28 ft: 99 corp: 30/324b lim: 28 exec/s: 0 rss: 34Mb L: 10/24 MS: 4 ChangeByte-ShuffleBytes-ChangeBit-EraseBytes-
#4744	REDUCE cov: 28 ft: 99 corp: 30/320b lim: 28 exec/s: 0 rss: 34Mb L: 10/24 MS: 2 CopyPart-EraseBytes-
#4973	REDUCE cov: 28 ft: 99 corp: 30/319b lim: 28 exec/s: 0 rss: 34Mb L: 16/24 MS: 4 InsertRepeatedBytes-ChangeASCIIInt-ChangeByte-EraseBytes-
#4979	REDUCE cov: 28 ft: 99 corp: 30/318b lim: 28 exec/s: 0 rss: 34Mb L: 2/24 MS: 1 EraseBytes-
#5007	REDUCE cov: 28 ft: 99 corp: 30/317b lim: 28 exec/s: 0 rss: 34Mb L: 8/24 MS: 3 CopyPart-ChangeBit-EraseBytes-
#5083	REDUCE cov: 28 ft: 99 corp: 30/315b lim: 28 exec/s: 0 rss: 34Mb L: 10/24 MS: 1 EraseBytes-
#5165	REDUCE cov: 28 ft: 99 corp: 30/312b lim: 28 exec/s: 0 rss: 34Mb L: 10/24 MS: 2 ChangeBit-EraseBytes-
#5253	REDUCE cov: 28 ft: 99 corp: 30/311b lim: 28 exec/s: 0 rss: 34Mb L: 9/24 MS: 3 ChangeASCIIInt-ChangeASCIIInt-EraseBytes-
#5479	REDUCE cov: 28 ft: 99 corp: 30/307b lim: 28 exec/s: 0 rss: 34Mb L: 18/24 MS: 1 EraseBytes-
#5648	REDUCE cov: 28 ft: 99 corp: 30/304b lim: 28 exec/s: 0 rss: 34Mb L: 4/24 MS: 4 ShuffleBytes-CrossOver-EraseBytes-EraseBytes-
#5752	REDUCE cov: 28 ft: 100 corp: 31/313b lim: 28 exec/s: 0 rss: 34Mb L: 9/24 MS: 4 ChangeByte-CMP-ChangeBit-CrossOver- DE: "\377\377"-
#5859	REDUCE cov: 28 ft: 100 corp: 31/312b lim: 28 exec/s: 0 rss: 34Mb L: 8/24 MS: 2 ShuffleBytes-EraseBytes-
#5912	REDUCE cov: 28 ft: 100 corp: 31/310b lim: 28 exec/s: 0 rss: 34Mb L: 16/24 MS: 3 ChangeBit-ChangeByte-EraseBytes-
#6012	REDUCE cov: 28 ft: 100 corp: 31/308b lim: 28 exec/s: 0 rss: 34Mb L: 2/24 MS: 5 ChangeASCIIInt-EraseBytes-ChangeASCIIInt-EraseBytes-ShuffleBytes-
#6067	REDUCE cov: 28 ft: 100 corp: 31/307b lim: 28 exec/s: 0 rss: 35Mb L: 8/24 MS: 5 CrossOver-ChangeByte-EraseBytes-ChangeByte-EraseBytes-
#6099	REDUCE cov: 28 ft: 100 corp: 31/305b lim: 28 exec/s: 0 rss: 35Mb L: 6/24 MS: 2 EraseBytes-EraseBytes-
#6154	REDUCE cov: 28 ft: 100 corp: 31/302b lim: 28 exec/s: 0 rss: 35Mb L: 8/24 MS: 5 CMP-ShuffleBytes-ChangeBit-InsertRepeatedBytes-CrossOver- DE: "\001\000"-
#6155	REDUCE cov: 28 ft: 100 corp: 31/301b lim: 28 exec/s: 0 rss: 35Mb L: 15/24 MS: 1 EraseBytes-
#6227	REDUCE cov: 28 ft: 100 corp: 31/299b lim: 28 exec/s: 0 rss: 35Mb L: 20/24 MS: 2 CrossOver-EraseBytes-
#6303	REDUCE cov: 28 ft: 100 corp: 31/298b lim: 28 exec/s: 0 rss: 35Mb L: 7/24 MS: 1 EraseBytes-
#6360	REDUCE cov: 28 ft: 100 corp: 31/296b lim: 28 exec/s: 0 rss: 35Mb L: 8/24 MS: 2 EraseBytes-CrossOver-
#6362	REDUCE cov: 28 ft: 100 corp: 31/295b lim: 28 exec/s: 0 rss: 35Mb L: 19/24 MS: 2 InsertRepeatedBytes-EraseBytes-
#6408	REDUCE cov: 28 ft: 100 corp: 31/291b lim: 28 exec/s: 0 rss: 35Mb L: 6/24 MS: 1 EraseBytes-
#6424	REDUCE cov: 28 ft: 100 corp: 31/290b lim: 28 exec/s: 0 rss: 35Mb L: 7/24 MS: 1 EraseBytes-
#6521	REDUCE cov: 28 ft: 101 corp: 32/314b lim: 28 exec/s: 0 rss: 35Mb L: 24/24 MS: 2 CMP-CopyPart- DE: "\377\377"-
#6571	REDUCE cov: 28 ft: 101 corp: 32/312b lim: 28 exec/s: 0 rss: 35Mb L: 18/24 MS: 5 CopyPart-ChangeBinInt-ChangeByte-ShuffleBytes-EraseBytes-
#6590	REDUCE cov: 28 ft: 101 corp: 32/307b lim: 28 exec/s: 0 rss: 35Mb L: 14/24 MS: 4 InsertRepeatedBytes-ChangeBinInt-ChangeByte-EraseBytes-
#6766	REDUCE cov: 28 ft: 102 corp: 33/333b lim: 28 exec/s: 0 rss: 35Mb L: 26/26 MS: 1 CrossOver-
#6864	REDUCE cov: 28 ft: 102 corp: 33/331b lim: 28 exec/s: 0 rss: 35Mb L: 6/26 MS: 3 ShuffleBytes-CopyPart-EraseBytes-
#6881	REDUCE cov: 28 ft: 102 corp: 33/330b lim: 28 exec/s: 0 rss: 35Mb L: 5/26 MS: 2 EraseBytes-CrossOver-
#6974	REDUCE cov: 28 ft: 102 corp: 33/329b lim: 28 exec/s: 0 rss: 35Mb L: 5/26 MS: 3 ChangeByte-ChangeBinInt-EraseBytes-
#6996	REDUCE cov: 28 ft: 102 corp: 33/328b lim: 28 exec/s: 0 rss: 35Mb L: 4/26 MS: 2 EraseBytes-InsertByte-
#7347	REDUCE cov: 28 ft: 102 corp: 33/323b lim: 28 exec/s: 0 rss: 35Mb L: 19/26 MS: 1 EraseBytes-
#7398	REDUCE cov: 28 ft: 102 corp: 33/320b lim: 28 exec/s: 0 rss: 35Mb L: 3/26 MS: 1 EraseBytes-
#7400	REDUCE cov: 28 ft: 102 corp: 33/319b lim: 28 exec/s: 0 rss: 35Mb L: 17/26 MS: 2 ChangeASCIIInt-EraseBytes-
#7426	REDUCE cov: 28 ft: 102 corp: 33/316b lim: 28 exec/s: 0 rss: 35Mb L: 15/26 MS: 1 EraseBytes-
#7659	REDUCE cov: 28 ft: 102 corp: 33/315b lim: 28 exec/s: 0 rss: 35Mb L: 6/26 MS: 3 ChangeBinInt-ChangeBinInt-EraseBytes-
#7842	REDUCE cov: 28 ft: 102 corp: 33/312b lim: 28 exec/s: 0 rss: 35Mb L: 5/26 MS: 3 EraseBytes-InsertByte-ShuffleBytes-
#7863	REDUCE cov: 28 ft: 102 corp: 33/311b lim: 28 exec/s: 0 rss: 35Mb L: 7/26 MS: 1 EraseBytes-
#7864	REDUCE cov: 28 ft: 102 corp: 33/309b lim: 28 exec/s: 0 rss: 35Mb L: 3/26 MS: 1 EraseBytes-
#7990	REDUCE cov: 28 ft: 102 corp: 33/308b lim: 28 exec/s: 0 rss: 35Mb L: 2/26 MS: 1 EraseBytes-
#8145	REDUCE cov: 28 ft: 102 corp: 33/307b lim: 28 exec/s: 0 rss: 35Mb L: 1/26 MS: 5 ChangeBinInt-ChangeByte-EraseBytes-ChangeByte-ChangeBit-
#8166	REDUCE cov: 28 ft: 102 corp: 33/304b lim: 28 exec/s: 0 rss: 35Mb L: 3/26 MS: 1 EraseBytes-
#8396	REDUCE cov: 28 ft: 102 corp: 33/303b lim: 28 exec/s: 0 rss: 35Mb L: 1/26 MS: 5 ShuffleBytes-ChangeByte-CopyPart-EraseBytes-ChangeBit-
#8456	REDUCE cov: 28 ft: 102 corp: 33/297b lim: 28 exec/s: 0 rss: 35Mb L: 20/24 MS: 5 ChangeByte-ChangeByte-PersAutoDict-ShuffleBytes-EraseBytes- DE: "\001\000"-
#8793	REDUCE cov: 28 ft: 102 corp: 33/295b lim: 28 exec/s: 0 rss: 35Mb L: 4/24 MS: 2 ShuffleBytes-EraseBytes-
#8935	REDUCE cov: 28 ft: 103 corp: 34/319b lim: 28 exec/s: 0 rss: 35Mb L: 24/24 MS: 2 InsertByte-CopyPart-
#8951	REDUCE cov: 28 ft: 103 corp: 34/315b lim: 28 exec/s: 0 rss: 35Mb L: 6/24 MS: 1 EraseBytes-
#9062	REDUCE cov: 28 ft: 103 corp: 34/312b lim: 28 exec/s: 0 rss: 35Mb L: 12/24 MS: 1 EraseBytes-
#9170	REDUCE cov: 28 ft: 103 corp: 34/310b lim: 28 exec/s: 0 rss: 35Mb L: 2/24 MS: 3 EraseBytes-PersAutoDict-ChangeBit- DE: "\377\377"-
#9612	REDUCE cov: 28 ft: 103 corp: 34/308b lim: 32 exec/s: 0 rss: 35Mb L: 6/24 MS: 2 EraseBytes-CrossOver-
#9758	REDUCE cov: 28 ft: 103 corp: 34/306b lim: 32 exec/s: 0 rss: 36Mb L: 5/24 MS: 1 EraseBytes-
#9985	REDUCE cov: 28 ft: 103 corp: 34/305b lim: 32 exec/s: 0 rss: 36Mb L: 5/24 MS: 2 ShuffleBytes-EraseBytes-
#10121	REDUCE cov: 28 ft: 103 corp: 34/303b lim: 32 exec/s: 0 rss: 36Mb L: 13/24 MS: 1 EraseBytes-
#10223	REDUCE cov: 28 ft: 110 corp: 35/332b lim: 32 exec/s: 0 rss: 36Mb L: 29/29 MS: 2 InsertByte-InsertRepeatedBytes-
#10412	REDUCE cov: 28 ft: 110 corp: 35/331b lim: 32 exec/s: 0 rss: 36Mb L: 2/29 MS: 4 PersAutoDict-ChangeBit-ChangeBit-EraseBytes- DE: "\001\000"-
#10524	REDUCE cov: 28 ft: 110 corp: 35/330b lim: 32 exec/s: 0 rss: 36Mb L: 14/29 MS: 2 CrossOver-EraseBytes-
#10715	REDUCE cov: 28 ft: 110 corp: 35/329b lim: 32 exec/s: 0 rss: 36Mb L: 4/29 MS: 1 EraseBytes-
#10750	REDUCE cov: 28 ft: 110 corp: 35/321b lim: 32 exec/s: 0 rss: 36Mb L: 21/24 MS: 5 EraseBytes-ShuffleBytes-ChangeByte-ShuffleBytes-InsertByte-
#10831	REDUCE cov: 28 ft: 110 corp: 35/319b lim: 32 exec/s: 0 rss: 36Mb L: 22/24 MS: 1 EraseBytes-
#10937	REDUCE cov: 28 ft: 110 corp: 35/318b lim: 32 exec/s: 0 rss: 36Mb L: 15/24 MS: 1 EraseBytes-
#11064	REDUCE cov: 28 ft: 110 corp: 35/316b lim: 32 exec/s: 0 rss: 36Mb L: 12/24 MS: 2 ChangeByte-EraseBytes-
#11176	REDUCE cov: 28 ft: 110 corp: 35/314b lim: 32 exec/s: 0 rss: 36Mb L: 10/24 MS: 2 ChangeByte-EraseBytes-
#11203	REDUCE cov: 28 ft: 110 corp: 35/310b lim: 32 exec/s: 0 rss: 36Mb L: 16/24 MS: 2 InsertRepeatedBytes-EraseBytes-
#11451	REDUCE cov: 28 ft: 110 corp: 35/307b lim: 32 exec/s: 0 rss: 36Mb L: 4/24 MS: 3 ShuffleBytes-ShuffleBytes-EraseBytes-
#11833	REDUCE cov: 28 ft: 110 corp: 35/306b lim: 32 exec/s: 0 rss: 36Mb L: 2/24 MS: 2 ChangeBit-EraseBytes-
#11906	REDUCE cov: 28 ft: 110 corp: 35/305b lim: 32 exec/s: 0 rss: 36Mb L: 1/24 MS: 3 EraseBytes-InsertByte-EraseBytes-
#11939	REDUCE cov: 28 ft: 110 corp: 35/304b lim: 32 exec/s: 0 rss: 36Mb L: 3/24 MS: 3 CrossOver-CopyPart-EraseBytes-
#12206	REDUCE cov: 28 ft: 110 corp: 35/301b lim: 32 exec/s: 0 rss: 36Mb L: 9/24 MS: 2 ChangeByte-EraseBytes-
#12547	REDUCE cov: 28 ft: 110 corp: 35/300b lim: 32 exec/s: 0 rss: 36Mb L: 18/24 MS: 1 EraseBytes-
#12653	REDUCE cov: 28 ft: 110 corp: 35/299b lim: 32 exec/s: 0 rss: 36Mb L: 1/24 MS: 1 EraseBytes-
#12947	REDUCE cov: 28 ft: 110 corp: 35/296b lim: 32 exec/s: 0 rss: 36Mb L: 2/24 MS: 4 ChangeByte-EraseBytes-ChangeBit-EraseBytes-
#13793	REDUCE cov: 28 ft: 111 corp: 36/330b lim: 37 exec/s: 0 rss: 36Mb L: 34/34 MS: 1 InsertRepeatedBytes-
#13849	REDUCE cov: 28 ft: 111 corp: 36/329b lim: 37 exec/s: 0 rss: 36Mb L: 13/34 MS: 1 EraseBytes-
#13866	REDUCE cov: 28 ft: 111 corp: 36/327b lim: 37 exec/s: 0 rss: 36Mb L: 4/34 MS: 2 InsertByte-EraseBytes-
#13984	REDUCE cov: 28 ft: 111 corp: 36/326b lim: 37 exec/s: 0 rss: 36Mb L: 4/34 MS: 3 CrossOver-EraseBytes-ShuffleBytes-
#14200	REDUCE cov: 28 ft: 111 corp: 36/325b lim: 37 exec/s: 0 rss: 36Mb L: 16/34 MS: 1 EraseBytes-
#14886	REDUCE cov: 28 ft: 111 corp: 36/324b lim: 40 exec/s: 0 rss: 36Mb L: 3/34 MS: 1 EraseBytes-
#15094	REDUCE cov: 28 ft: 111 corp: 36/323b lim: 40 exec/s: 0 rss: 36Mb L: 21/34 MS: 3 CopyPart-CopyPart-EraseBytes-
#15333	REDUCE cov: 28 ft: 118 corp: 37/361b lim: 40 exec/s: 0 rss: 37Mb L: 38/38 MS: 4 CopyPart-ChangeByte-ChangeBinInt-CopyPart-
#15520	REDUCE cov: 28 ft: 118 corp: 37/359b lim: 40 exec/s: 0 rss: 37Mb L: 11/38 MS: 2 ChangeBinInt-EraseBytes-
#15617	REDUCE cov: 28 ft: 118 corp: 37/356b lim: 40 exec/s: 0 rss: 37Mb L: 3/38 MS: 2 ChangeBit-EraseBytes-
#15683	REDUCE cov: 28 ft: 118 corp: 37/353b lim: 40 exec/s: 0 rss: 37Mb L: 9/38 MS: 1 EraseBytes-
#16289	REDUCE cov: 28 ft: 118 corp: 37/348b lim: 40 exec/s: 0 rss: 37Mb L: 6/38 MS: 1 EraseBytes-
#17190	REDUCE cov: 28 ft: 118 corp: 37/342b lim: 40 exec/s: 0 rss: 37Mb L: 28/38 MS: 1 EraseBytes-
#17936	REDUCE cov: 28 ft: 118 corp: 37/341b lim: 40 exec/s: 0 rss: 37Mb L: 10/38 MS: 1 EraseBytes-
#18016	REDUCE cov: 28 ft: 118 corp: 37/339b lim: 40 exec/s: 0 rss: 37Mb L: 26/38 MS: 5 ShuffleBytes-InsertByte-EraseBytes-InsertByte-CMP- DE: "\377\377~\216\243r\360?"-
#18064	REDUCE cov: 28 ft: 118 corp: 37/337b lim: 40 exec/s: 0 rss: 37Mb L: 2/38 MS: 3 EraseBytes-EraseBytes-ShuffleBytes-
#18250	REDUCE cov: 28 ft: 118 corp: 37/336b lim: 40 exec/s: 0 rss: 37Mb L: 1/38 MS: 1 EraseBytes-
#18266	REDUCE cov: 28 ft: 118 corp: 37/333b lim: 40 exec/s: 0 rss: 37Mb L: 7/38 MS: 1 EraseBytes-
#19074	REDUCE cov: 28 ft: 118 corp: 37/332b lim: 40 exec/s: 0 rss: 37Mb L: 1/38 MS: 3 ShuffleBytes-ShuffleBytes-EraseBytes-
#19652	REDUCE cov: 28 ft: 118 corp: 37/323b lim: 40 exec/s: 0 rss: 37Mb L: 12/38 MS: 3 EraseBytes-CopyPart-EraseBytes-
#20852	REDUCE cov: 28 ft: 118 corp: 37/322b lim: 40 exec/s: 0 rss: 37Mb L: 2/38 MS: 5 InsertByte-CopyPart-ChangeBit-CrossOver-EraseBytes-
#21208	REDUCE cov: 28 ft: 118 corp: 37/320b lim: 40 exec/s: 0 rss: 37Mb L: 3/38 MS: 1 EraseBytes-
#21251	REDUCE cov: 28 ft: 118 corp: 37/307b lim: 40 exec/s: 0 rss: 37Mb L: 13/38 MS: 3 InsertByte-InsertRepeatedBytes-CrossOver-
#22033	REDUCE cov: 28 ft: 118 corp: 37/305b lim: 40 exec/s: 0 rss: 37Mb L: 7/38 MS: 2 ChangeBinInt-EraseBytes-
#22365	REDUCE cov: 28 ft: 118 corp: 37/304b lim: 40 exec/s: 0 rss: 37Mb L: 10/38 MS: 2 ChangeBit-EraseBytes-
#23228	REDUCE cov: 28 ft: 118 corp: 37/300b lim: 40 exec/s: 0 rss: 37Mb L: 2/38 MS: 3 EraseBytes-EraseBytes-EraseBytes-
#23390	REDUCE cov: 28 ft: 118 corp: 37/299b lim: 40 exec/s: 0 rss: 37Mb L: 1/38 MS: 2 ChangeByte-EraseBytes-
#24157	REDUCE cov: 28 ft: 118 corp: 37/295b lim: 40 exec/s: 0 rss: 37Mb L: 14/38 MS: 2 CopyPart-EraseBytes-
#24373	REDUCE cov: 28 ft: 118 corp: 37/294b lim: 40 exec/s: 0 rss: 37Mb L: 2/38 MS: 1 EraseBytes-
#24805	REDUCE cov: 28 ft: 118 corp: 37/285b lim: 40 exec/s: 0 rss: 38Mb L: 29/29 MS: 2 EraseBytes-CopyPart-
#24882	REDUCE cov: 28 ft: 118 corp: 37/284b lim: 40 exec/s: 0 rss: 38Mb L: 23/29 MS: 2 EraseBytes-CopyPart-
#25343	REDUCE cov: 28 ft: 118 corp: 37/283b lim: 40 exec/s: 0 rss: 38Mb L: 6/29 MS: 1 EraseBytes-
#25630	REDUCE cov: 28 ft: 118 corp: 37/282b lim: 40 exec/s: 0 rss: 38Mb L: 2/29 MS: 2 CrossOver-ShuffleBytes-
#26136	REDUCE cov: 28 ft: 118 corp: 37/277b lim: 40 exec/s: 0 rss: 38Mb L: 16/29 MS: 1 EraseBytes-
#26208	REDUCE cov: 28 ft: 118 corp: 37/275b lim: 40 exec/s: 0 rss: 38Mb L: 13/29 MS: 2 ChangeBinInt-CrossOver-
#27359	REDUCE cov: 28 ft: 118 corp: 37/274b lim: 40 exec/s: 0 rss: 38Mb L: 3/29 MS: 1 EraseBytes-
#27686	REDUCE cov: 28 ft: 118 corp: 37/272b lim: 40 exec/s: 0 rss: 38Mb L: 4/29 MS: 2 CopyPart-EraseBytes-
#27877	REDUCE cov: 28 ft: 118 corp: 37/271b lim: 40 exec/s: 0 rss: 38Mb L: 2/29 MS: 1 EraseBytes-
#27904	REDUCE cov: 28 ft: 118 corp: 37/270b lim: 40 exec/s: 0 rss: 38Mb L: 3/29 MS: 2 EraseBytes-InsertByte-
#28560	REDUCE cov: 28 ft: 118 corp: 37/269b lim: 40 exec/s: 0 rss: 38Mb L: 9/29 MS: 1 EraseBytes-
#28856	REDUCE cov: 28 ft: 119 corp: 38/304b lim: 40 exec/s: 0 rss: 38Mb L: 35/35 MS: 1 CrossOver-
#30847	REDUCE cov: 28 ft: 119 corp: 38/303b lim: 40 exec/s: 0 rss: 38Mb L: 13/35 MS: 1 EraseBytes-
#31861	REDUCE cov: 28 ft: 119 corp: 38/299b lim: 40 exec/s: 0 rss: 38Mb L: 19/35 MS: 4 EraseBytes-InsertRepeatedBytes-CrossOver-EraseBytes-
#32163	REDUCE cov: 28 ft: 119 corp: 38/297b lim: 40 exec/s: 0 rss: 38Mb L: 14/35 MS: 2 ChangeASCIIInt-CrossOver-
#32210	REDUCE cov: 28 ft: 119 corp: 38/286b lim: 40 exec/s: 0 rss: 38Mb L: 24/29 MS: 2 CMP-EraseBytes- DE: "\000\000"-
#34116	REDUCE cov: 28 ft: 119 corp: 38/285b lim: 40 exec/s: 0 rss: 38Mb L: 15/29 MS: 1 EraseBytes-
#34747	REDUCE cov: 28 ft: 119 corp: 38/283b lim: 40 exec/s: 0 rss: 38Mb L: 27/27 MS: 1 EraseBytes-
#34874	REDUCE cov: 28 ft: 119 corp: 38/282b lim: 40 exec/s: 0 rss: 38Mb L: 12/27 MS: 2 CopyPart-EraseBytes-
#36532	REDUCE cov: 28 ft: 119 corp: 38/280b lim: 40 exec/s: 0 rss: 39Mb L: 12/27 MS: 3 EraseBytes-CrossOver-ChangeASCIIInt-
#36848	REDUCE cov: 28 ft: 119 corp: 38/279b lim: 40 exec/s: 0 rss: 39Mb L: 12/27 MS: 1 EraseBytes-
#37318	REDUCE cov: 28 ft: 119 corp: 38/278b lim: 40 exec/s: 0 rss: 39Mb L: 6/27 MS: 5 ShuffleBytes-EraseBytes-InsertByte-ChangeBinInt-PersAutoDict- DE: "\377\377"-
#38287	REDUCE cov: 28 ft: 119 corp: 38/277b lim: 40 exec/s: 0 rss: 39Mb L: 2/27 MS: 4 EraseBytes-ChangeBit-ChangeBit-CrossOver-
#38344	REDUCE cov: 28 ft: 119 corp: 38/274b lim: 40 exec/s: 0 rss: 39Mb L: 3/27 MS: 2 ShuffleBytes-EraseBytes-
#39490	REDUCE cov: 28 ft: 121 corp: 39/310b lim: 40 exec/s: 0 rss: 39Mb L: 36/36 MS: 1 CopyPart-
#39501	REDUCE cov: 28 ft: 121 corp: 39/308b lim: 40 exec/s: 0 rss: 39Mb L: 17/36 MS: 1 EraseBytes-
#42200	REDUCE cov: 28 ft: 122 corp: 40/345b lim: 40 exec/s: 0 rss: 39Mb L: 37/37 MS: 4 PersAutoDict-ChangeBit-CopyPart-CrossOver- DE: "\377\377~\216\243r\360?"-
#42301	REDUCE cov: 28 ft: 122 corp: 40/344b lim: 40 exec/s: 0 rss: 39Mb L: 11/37 MS: 1 EraseBytes-
#42377	REDUCE cov: 28 ft: 122 corp: 40/342b lim: 40 exec/s: 0 rss: 39Mb L: 11/37 MS: 1 EraseBytes-
#43354	REDUCE cov: 28 ft: 122 corp: 40/341b lim: 40 exec/s: 0 rss: 39Mb L: 2/37 MS: 2 ShuffleBytes-EraseBytes-
#43903	REDUCE cov: 28 ft: 122 corp: 40/333b lim: 40 exec/s: 0 rss: 39Mb L: 29/36 MS: 4 CopyPart-CopyPart-ChangeByte-EraseBytes-
#44036	REDUCE cov: 28 ft: 122 corp: 40/329b lim: 40 exec/s: 0 rss: 39Mb L: 12/36 MS: 3 ChangeByte-ChangeBinInt-EraseBytes-
#44209	REDUCE cov: 28 ft: 122 corp: 40/323b lim: 40 exec/s: 0 rss: 39Mb L: 6/36 MS: 3 ChangeASCIIInt-EraseBytes-EraseBytes-
#44440	REDUCE cov: 28 ft: 122 corp: 40/321b lim: 40 exec/s: 0 rss: 39Mb L: 4/36 MS: 1 EraseBytes-
#46048	REDUCE cov: 28 ft: 122 corp: 40/320b lim: 40 exec/s: 0 rss: 40Mb L: 3/36 MS: 3 EraseBytes-CrossOver-ShuffleBytes-
#48926	REDUCE cov: 28 ft: 122 corp: 40/316b lim: 40 exec/s: 0 rss: 40Mb L: 12/36 MS: 3 ChangeASCIIInt-ChangeASCIIInt-EraseBytes-
#50238	REDUCE cov: 28 ft: 122 corp: 40/315b lim: 40 exec/s: 0 rss: 40Mb L: 10/36 MS: 2 CrossOver-EraseBytes-
#52387	REDUCE cov: 28 ft: 122 corp: 40/314b lim: 40 exec/s: 0 rss: 40Mb L: 1/36 MS: 4 CopyPart-ShuffleBytes-ShuffleBytes-EraseBytes-
#53029	REDUCE cov: 28 ft: 122 corp: 40/313b lim: 40 exec/s: 0 rss: 40Mb L: 1/36 MS: 2 CopyPart-EraseBytes-
#53875	REDUCE cov: 28 ft: 122 corp: 40/311b lim: 40 exec/s: 0 rss: 40Mb L: 10/36 MS: 1 EraseBytes-
#56107	REDUCE cov: 28 ft: 122 corp: 40/308b lim: 40 exec/s: 0 rss: 40Mb L: 9/36 MS: 2 ShuffleBytes-EraseBytes-
#58615	REDUCE cov: 28 ft: 122 corp: 40/307b lim: 40 exec/s: 0 rss: 40Mb L: 3/36 MS: 3 ChangeByte-EraseBytes-ChangeByte-
#59183	REDUCE cov: 28 ft: 127 corp: 41/346b lim: 40 exec/s: 0 rss: 41Mb L: 39/39 MS: 3 InsertByte-InsertRepeatedBytes-CopyPart-
#59220	REDUCE cov: 28 ft: 127 corp: 41/345b lim: 40 exec/s: 0 rss: 41Mb L: 38/38 MS: 2 CopyPart-EraseBytes-
#59706	REDUCE cov: 28 ft: 127 corp: 41/343b lim: 40 exec/s: 0 rss: 41Mb L: 36/36 MS: 1 EraseBytes-
#59801	REDUCE cov: 28 ft: 127 corp: 41/339b lim: 40 exec/s: 0 rss: 41Mb L: 25/36 MS: 5 PersAutoDict-CrossOver-CopyPart-InsertByte-EraseBytes- DE: "\001\000"-
#61047	REDUCE cov: 28 ft: 127 corp: 41/338b lim: 40 exec/s: 0 rss: 41Mb L: 3/36 MS: 1 EraseBytes-
#62338	REDUCE cov: 28 ft: 127 corp: 41/337b lim: 40 exec/s: 0 rss: 41Mb L: 9/36 MS: 1 EraseBytes-
#62619	REDUCE cov: 28 ft: 127 corp: 41/336b lim: 40 exec/s: 0 rss: 41Mb L: 2/36 MS: 1 EraseBytes-
#63465	REDUCE cov: 28 ft: 127 corp: 41/335b lim: 40 exec/s: 0 rss: 41Mb L: 35/36 MS: 1 EraseBytes-
#63947	REDUCE cov: 28 ft: 127 corp: 41/331b lim: 40 exec/s: 0 rss: 41Mb L: 5/36 MS: 2 EraseBytes-ChangeBinInt-
#64448	REDUCE cov: 28 ft: 127 corp: 41/330b lim: 40 exec/s: 0 rss: 41Mb L: 1/36 MS: 1 EraseBytes-
#67250	REDUCE cov: 28 ft: 127 corp: 41/329b lim: 40 exec/s: 0 rss: 41Mb L: 8/36 MS: 2 CrossOver-EraseBytes-
#67751	REDUCE cov: 28 ft: 127 corp: 41/328b lim: 40 exec/s: 0 rss: 41Mb L: 9/36 MS: 1 EraseBytes-
#67814	REDUCE cov: 28 ft: 127 corp: 41/327b lim: 40 exec/s: 0 rss: 41Mb L: 8/36 MS: 3 CrossOver-CopyPart-EraseBytes-
#67958	REDUCE cov: 28 ft: 127 corp: 41/326b lim: 40 exec/s: 0 rss: 41Mb L: 2/36 MS: 4 ChangeASCIIInt-EraseBytes-EraseBytes-InsertByte-
#68173	REDUCE cov: 28 ft: 127 corp: 41/323b lim: 40 exec/s: 0 rss: 41Mb L: 9/36 MS: 5 ChangeBinInt-ChangeByte-EraseBytes-ShuffleBytes-CrossOver-
#68445	REDUCE cov: 28 ft: 127 corp: 41/322b lim: 40 exec/s: 0 rss: 41Mb L: 12/36 MS: 2 ChangeASCIIInt-EraseBytes-
#68773	REDUCE cov: 28 ft: 127 corp: 41/319b lim: 40 exec/s: 0 rss: 41Mb L: 5/36 MS: 3 ChangeBinInt-ChangeBit-EraseBytes-
#69243	REDUCE cov: 28 ft: 127 corp: 41/318b lim: 40 exec/s: 0 rss: 42Mb L: 1/36 MS: 5 ChangeByte-CrossOver-ChangeBit-EraseBytes-EraseBytes-
#71515	REDUCE cov: 28 ft: 127 corp: 41/317b lim: 40 exec/s: 0 rss: 42Mb L: 5/36 MS: 2 ChangeByte-EraseBytes-
#71745	REDUCE cov: 28 ft: 127 corp: 41/316b lim: 40 exec/s: 0 rss: 42Mb L: 10/36 MS: 5 CopyPart-ChangeBinInt-CrossOver-EraseBytes-ChangeASCIIInt-
#72964	REDUCE cov: 28 ft: 127 corp: 41/315b lim: 40 exec/s: 0 rss: 42Mb L: 2/36 MS: 4 ChangeByte-ShuffleBytes-ChangeByte-EraseBytes-
#76228	REDUCE cov: 28 ft: 128 corp: 42/341b lim: 40 exec/s: 0 rss: 42Mb L: 26/36 MS: 4 ChangeASCIIInt-CopyPart-ChangeASCIIInt-CopyPart-
#76595	REDUCE cov: 28 ft: 128 corp: 42/338b lim: 40 exec/s: 0 rss: 42Mb L: 6/36 MS: 2 ChangeByte-EraseBytes-
#80455	REDUCE cov: 28 ft: 128 corp: 42/337b lim: 40 exec/s: 0 rss: 42Mb L: 4/36 MS: 5 CopyPart-EraseBytes-CrossOver-EraseBytes-PersAutoDict- DE: "\377\377"-
#80546	REDUCE cov: 28 ft: 128 corp: 42/336b lim: 40 exec/s: 0 rss: 42Mb L: 7/36 MS: 1 EraseBytes-
#81089	REDUCE cov: 28 ft: 128 corp: 42/331b lim: 40 exec/s: 0 rss: 43Mb L: 12/36 MS: 3 CrossOver-CopyPart-EraseBytes-
#81310	REDUCE cov: 28 ft: 128 corp: 42/321b lim: 40 exec/s: 0 rss: 43Mb L: 16/36 MS: 1 EraseBytes-
#84776	REDUCE cov: 28 ft: 128 corp: 42/320b lim: 40 exec/s: 0 rss: 43Mb L: 6/36 MS: 1 EraseBytes-
#84931	REDUCE cov: 28 ft: 128 corp: 42/314b lim: 40 exec/s: 0 rss: 43Mb L: 29/36 MS: 5 ChangeBit-EraseBytes-ChangeBinInt-ChangeByte-ChangeBinInt-
#86709	REDUCE cov: 28 ft: 128 corp: 42/312b lim: 40 exec/s: 0 rss: 43Mb L: 2/36 MS: 3 EraseBytes-ShuffleBytes-ChangeBit-
#89294	REDUCE cov: 28 ft: 128 corp: 42/310b lim: 40 exec/s: 0 rss: 43Mb L: 1/36 MS: 5 EraseBytes-ShuffleBytes-ChangeBit-EraseBytes-ChangeBit-
#90940	REDUCE cov: 28 ft: 128 corp: 42/309b lim: 40 exec/s: 0 rss: 43Mb L: 11/36 MS: 1 EraseBytes-
#97647	REDUCE cov: 28 ft: 128 corp: 42/308b lim: 40 exec/s: 0 rss: 44Mb L: 5/36 MS: 2 CopyPart-EraseBytes-
#97713	REDUCE cov: 28 ft: 128 corp: 42/306b lim: 40 exec/s: 0 rss: 44Mb L: 34/34 MS: 1 EraseBytes-
#101286	REDUCE cov: 28 ft: 128 corp: 42/305b lim: 40 exec/s: 0 rss: 44Mb L: 1/34 MS: 3 CrossOver-ChangeBit-CopyPart-
#104722	REDUCE cov: 28 ft: 128 corp: 42/304b lim: 40 exec/s: 0 rss: 44Mb L: 8/34 MS: 1 CrossOver-
#107301	REDUCE cov: 28 ft: 128 corp: 42/302b lim: 40 exec/s: 0 rss: 44Mb L: 3/34 MS: 4 CopyPart-CrossOver-ChangeBinInt-EraseBytes-
#107332	REDUCE cov: 28 ft: 128 corp: 42/301b lim: 40 exec/s: 0 rss: 44Mb L: 14/34 MS: 1 EraseBytes-
#109422	REDUCE cov: 28 ft: 128 corp: 42/300b lim: 40 exec/s: 0 rss: 45Mb L: 2/34 MS: 5 CMP-ChangeBinInt-ChangeBit-EraseBytes-EraseBytes- DE: "\001\000"-
#109459	REDUCE cov: 28 ft: 128 corp: 42/298b lim: 40 exec/s: 0 rss: 45Mb L: 10/34 MS: 2 EraseBytes-ChangeASCIIInt-
#115156	REDUCE cov: 28 ft: 128 corp: 42/287b lim: 40 exec/s: 0 rss: 45Mb L: 23/29 MS: 2 ShuffleBytes-EraseBytes-
#122689	REDUCE cov: 28 ft: 128 corp: 42/286b lim: 40 exec/s: 0 rss: 45Mb L: 1/29 MS: 3 ChangeByte-ChangeBinInt-EraseBytes-
#128146	REDUCE cov: 28 ft: 128 corp: 42/282b lim: 40 exec/s: 0 rss: 46Mb L: 10/29 MS: 2 ChangeBinInt-EraseBytes-
#132269	REDUCE cov: 28 ft: 128 corp: 42/281b lim: 40 exec/s: 0 rss: 46Mb L: 9/29 MS: 3 CopyPart-ChangeBinInt-EraseBytes-
#139099	REDUCE cov: 28 ft: 128 corp: 42/279b lim: 40 exec/s: 0 rss: 47Mb L: 3/29 MS: 5 ChangeBinInt-EraseBytes-EraseBytes-ChangeBit-CopyPart-
#149585	REDUCE cov: 28 ft: 128 corp: 42/278b lim: 40 exec/s: 0 rss: 47Mb L: 10/29 MS: 1 EraseBytes-
#163338	REDUCE cov: 28 ft: 128 corp: 42/277b lim: 40 exec/s: 0 rss: 48Mb L: 8/29 MS: 3 ChangeBinInt-ChangeBit-EraseBytes-
#166364	REDUCE cov: 28 ft: 128 corp: 42/276b lim: 40 exec/s: 0 rss: 48Mb L: 1/29 MS: 1 EraseBytes-
#173880	REDUCE cov: 28 ft: 128 corp: 42/275b lim: 40 exec/s: 0 rss: 49Mb L: 1/29 MS: 1 EraseBytes-
#175401	REDUCE cov: 28 ft: 128 corp: 42/274b lim: 40 exec/s: 0 rss: 49Mb L: 1/29 MS: 1 EraseBytes-
#182357	REDUCE cov: 28 ft: 128 corp: 42/272b lim: 40 exec/s: 0 rss: 49Mb L: 6/29 MS: 1 CrossOver-
#192363	REDUCE cov: 28 ft: 128 corp: 42/271b lim: 40 exec/s: 192363 rss: 51Mb L: 9/29 MS: 1 EraseBytes-
#198849	REDUCE cov: 28 ft: 128 corp: 42/269b lim: 40 exec/s: 198849 rss: 51Mb L: 3/29 MS: 1 EraseBytes-
#210206	REDUCE cov: 28 ft: 128 corp: 42/268b lim: 40 exec/s: 210206 rss: 52Mb L: 1/29 MS: 2 ChangeBinInt-EraseBytes-
#240350	REDUCE cov: 28 ft: 128 corp: 42/267b lim: 40 exec/s: 240350 rss: 54Mb L: 11/29 MS: 4 ChangeBit-InsertByte-EraseBytes-ChangeBit-
#244768	REDUCE cov: 28 ft: 128 corp: 42/266b lim: 40 exec/s: 244768 rss: 54Mb L: 9/29 MS: 3 EraseBytes-ChangeASCIIInt-ChangeASCIIInt-
#245144	REDUCE cov: 28 ft: 128 corp: 42/264b lim: 40 exec/s: 245144 rss: 54Mb L: 9/29 MS: 1 EraseBytes-
#246671	REDUCE cov: 28 ft: 128 corp: 42/263b lim: 40 exec/s: 246671 rss: 54Mb L: 2/29 MS: 2 ShuffleBytes-EraseBytes-
#251053	REDUCE cov: 28 ft: 128 corp: 42/262b lim: 40 exec/s: 251053 rss: 55Mb L: 9/29 MS: 2 EraseBytes-ChangeASCIIInt-
#261250	REDUCE cov: 28 ft: 128 corp: 42/261b lim: 40 exec/s: 261250 rss: 55Mb L: 8/29 MS: 2 ChangeBit-EraseBytes-
#279461	REDUCE cov: 28 ft: 128 corp: 42/260b lim: 40 exec/s: 279461 rss: 57Mb L: 1/29 MS: 1 EraseBytes-
#316523	REDUCE cov: 28 ft: 128 corp: 42/259b lim: 40 exec/s: 316523 rss: 59Mb L: 8/29 MS: 2 EraseBytes-ChangeByte-
#318920	REDUCE cov: 28 ft: 128 corp: 42/256b lim: 40 exec/s: 318920 rss: 59Mb L: 5/29 MS: 2 CrossOver-EraseBytes-
#330893	REDUCE cov: 28 ft: 128 corp: 42/252b lim: 40 exec/s: 330893 rss: 60Mb L: 23/29 MS: 3 ChangeByte-EraseBytes-CrossOver-
#346381	REDUCE cov: 28 ft: 128 corp: 42/251b lim: 40 exec/s: 346381 rss: 61Mb L: 1/29 MS: 3 ShuffleBytes-EraseBytes-ChangeByte-
#377039	REDUCE cov: 28 ft: 128 corp: 42/250b lim: 40 exec/s: 377039 rss: 63Mb L: 8/29 MS: 3 EraseBytes-EraseBytes-CopyPart-
#467365	REDUCE cov: 28 ft: 128 corp: 42/247b lim: 40 exec/s: 233682 rss: 69Mb L: 3/29 MS: 1 EraseBytes-
#469470	REDUCE cov: 28 ft: 128 corp: 42/245b lim: 40 exec/s: 234735 rss: 69Mb L: 7/29 MS: 5 ChangeASCIIInt-ChangeBinInt-EraseBytes-ChangeASCIIInt-CopyPart-
#479062	REDUCE cov: 28 ft: 128 corp: 42/241b lim: 40 exec/s: 239531 rss: 70Mb L: 4/29 MS: 2 CrossOver-EraseBytes-
#483476	REDUCE cov: 28 ft: 128 corp: 42/239b lim: 40 exec/s: 241738 rss: 70Mb L: 7/29 MS: 4 PersAutoDict-CrossOver-ChangeByte-EraseBytes- DE: "\377\377\377\377\377\377\377\027"-
#524288	pulse  cov: 28 ft: 128 corp: 42/239b lim: 40 exec/s: 262144 rss: 73Mb
#525191	REDUCE cov: 28 ft: 128 corp: 42/238b lim: 40 exec/s: 262595 rss: 73Mb L: 1/29 MS: 5 ChangeBinInt-ChangeBinInt-ChangeBit-ChangeByte-EraseBytes-
#649867	REDUCE cov: 28 ft: 128 corp: 42/237b lim: 40 exec/s: 216622 rss: 81Mb L: 1/29 MS: 1 EraseBytes-
#661433	REDUCE cov: 28 ft: 128 corp: 42/235b lim: 40 exec/s: 220477 rss: 82Mb L: 23/29 MS: 1 EraseBytes-
#669589	REDUCE cov: 28 ft: 128 corp: 42/234b lim: 40 exec/s: 223196 rss: 82Mb L: 23/29 MS: 1 EraseBytes-
#725055	REDUCE cov: 28 ft: 128 corp: 42/233b lim: 40 exec/s: 241685 rss: 86Mb L: 5/29 MS: 1 EraseBytes-
#807112	REDUCE cov: 28 ft: 128 corp: 42/223b lim: 40 exec/s: 269037 rss: 91Mb L: 13/29 MS: 2 CopyPart-EraseBytes-
#820308	REDUCE cov: 28 ft: 128 corp: 42/221b lim: 40 exec/s: 273436 rss: 92Mb L: 21/29 MS: 1 EraseBytes-
#948479	REDUCE cov: 28 ft: 128 corp: 42/218b lim: 40 exec/s: 237119 rss: 101Mb L: 18/29 MS: 1 EraseBytes-
#972377	REDUCE cov: 28 ft: 128 corp: 42/217b lim: 40 exec/s: 243094 rss: 102Mb L: 6/29 MS: 3 CopyPart-ChangeASCIIInt-EraseBytes-
#1048576	pulse  cov: 28 ft: 128 corp: 42/217b lim: 40 exec/s: 262144 rss: 107Mb
#1211644	REDUCE cov: 28 ft: 128 corp: 42/216b lim: 40 exec/s: 242328 rss: 118Mb L: 3/29 MS: 2 ChangeASCIIInt-EraseBytes-
#1214288	REDUCE cov: 28 ft: 129 corp: 43/253b lim: 40 exec/s: 242857 rss: 118Mb L: 37/37 MS: 4 ChangeBit-CopyPart-CopyPart-CopyPart-
#1215904	REDUCE cov: 28 ft: 129 corp: 43/248b lim: 40 exec/s: 243180 rss: 118Mb L: 32/32 MS: 1 EraseBytes-
#1219076	REDUCE cov: 28 ft: 129 corp: 43/245b lim: 40 exec/s: 243815 rss: 118Mb L: 5/32 MS: 2 EraseBytes-ChangeBit-
#1219422	REDUCE cov: 28 ft: 129 corp: 43/240b lim: 40 exec/s: 243884 rss: 118Mb L: 27/29 MS: 1 EraseBytes-
#1220309	REDUCE cov: 28 ft: 129 corp: 43/233b lim: 40 exec/s: 244061 rss: 118Mb L: 20/29 MS: 2 CrossOver-ChangeByte-
#1310138	REDUCE cov: 28 ft: 129 corp: 43/230b lim: 40 exec/s: 218356 rss: 124Mb L: 6/29 MS: 4 EraseBytes-CopyPart-ShuffleBytes-CrossOver-
#1372920	REDUCE cov: 28 ft: 129 corp: 43/229b lim: 40 exec/s: 228820 rss: 128Mb L: 2/29 MS: 2 ShuffleBytes-EraseBytes-
#1379536	REDUCE cov: 28 ft: 129 corp: 43/226b lim: 40 exec/s: 229922 rss: 129Mb L: 5/29 MS: 1 EraseBytes-
#1438777	REDUCE cov: 28 ft: 129 corp: 43/224b lim: 40 exec/s: 239796 rss: 132Mb L: 16/29 MS: 1 EraseBytes-
#1465980	REDUCE cov: 28 ft: 129 corp: 43/206b lim: 40 exec/s: 244330 rss: 134Mb L: 2/29 MS: 3 InsertByte-ChangeBit-CrossOver-
#1647817	REDUCE cov: 28 ft: 129 corp: 43/205b lim: 40 exec/s: 235402 rss: 146Mb L: 9/29 MS: 2 EraseBytes-ChangeByte-
#1651035	REDUCE cov: 28 ft: 129 corp: 43/199b lim: 40 exec/s: 235862 rss: 146Mb L: 17/29 MS: 3 ChangeBinInt-InsertByte-EraseBytes-
#1695862	REDUCE cov: 28 ft: 129 corp: 43/187b lim: 40 exec/s: 242266 rss: 149Mb L: 17/23 MS: 2 ChangeBinInt-EraseBytes-
#2097152	pulse  cov: 28 ft: 129 corp: 43/187b lim: 40 exec/s: 233016 rss: 175Mb
#2589054	REDUCE cov: 28 ft: 129 corp: 43/183b lim: 40 exec/s: 235368 rss: 206Mb L: 19/19 MS: 2 CopyPart-EraseBytes-
#2652984	REDUCE cov: 28 ft: 129 corp: 43/182b lim: 40 exec/s: 241180 rss: 210Mb L: 5/19 MS: 5 ChangeBit-ChangeByte-InsertByte-PersAutoDict-EraseBytes- DE: "\001\000"-
#2728030	REDUCE cov: 28 ft: 129 corp: 43/178b lim: 40 exec/s: 227335 rss: 215Mb L: 15/17 MS: 1 EraseBytes-
#2932435	REDUCE cov: 28 ft: 129 corp: 43/177b lim: 40 exec/s: 225571 rss: 228Mb L: 2/17 MS: 5 ChangeASCIIInt-ChangeASCIIInt-EraseBytes-ChangeByte-ChangeByte-
#3158813	REDUCE cov: 28 ft: 129 corp: 43/169b lim: 40 exec/s: 242985 rss: 243Mb L: 9/17 MS: 3 EraseBytes-CrossOver-ChangeBinInt-
#3230259	REDUCE cov: 28 ft: 129 corp: 43/168b lim: 40 exec/s: 230732 rss: 247Mb L: 4/17 MS: 1 EraseBytes-
#3266060	REDUCE cov: 28 ft: 129 corp: 43/165b lim: 40 exec/s: 233290 rss: 250Mb L: 4/17 MS: 1 EraseBytes-
#3341716	REDUCE cov: 28 ft: 129 corp: 43/164b lim: 40 exec/s: 238694 rss: 255Mb L: 2/17 MS: 1 EraseBytes-
#3732490	REDUCE cov: 28 ft: 129 corp: 43/159b lim: 40 exec/s: 233280 rss: 279Mb L: 11/17 MS: 4 InsertByte-EraseBytes-CopyPart-InsertByte-
#3741374	REDUCE cov: 28 ft: 129 corp: 43/156b lim: 40 exec/s: 233835 rss: 280Mb L: 2/17 MS: 4 EraseBytes-EraseBytes-ChangeBit-PersAutoDict- DE: "\377\377"-
#3800808	REDUCE cov: 28 ft: 129 corp: 43/155b lim: 40 exec/s: 237550 rss: 283Mb L: 4/17 MS: 4 EraseBytes-ShuffleBytes-ShuffleBytes-ChangeByte-
#3909094	REDUCE cov: 28 ft: 129 corp: 43/154b lim: 40 exec/s: 244318 rss: 290Mb L: 2/17 MS: 1 EraseBytes-
#4194304	pulse  cov: 28 ft: 129 corp: 43/154b lim: 40 exec/s: 233016 rss: 309Mb
#4654230	REDUCE cov: 28 ft: 129 corp: 43/153b lim: 40 exec/s: 244959 rss: 338Mb L: 1/17 MS: 1 EraseBytes-
#5372909	REDUCE cov: 28 ft: 129 corp: 43/150b lim: 40 exec/s: 244223 rss: 383Mb L: 13/17 MS: 4 InsertRepeatedBytes-CrossOver-CrossOver-ShuffleBytes-
#6127659	REDUCE cov: 28 ft: 129 corp: 43/148b lim: 40 exec/s: 245106 rss: 431Mb L: 7/17 MS: 5 CopyPart-EraseBytes-ChangeBit-PersAutoDict-EraseBytes- DE: "\377\377\377\377\377\377\377\027"-
#6410561	REDUCE cov: 28 ft: 129 corp: 43/147b lim: 40 exec/s: 237428 rss: 449Mb L: 5/17 MS: 2 ChangeBinInt-EraseBytes-
#6419708	REDUCE cov: 28 ft: 129 corp: 43/146b lim: 40 exec/s: 237766 rss: 449Mb L: 4/17 MS: 2 EraseBytes-ChangeByte-
#6799914	REDUCE cov: 28 ft: 129 corp: 43/145b lim: 40 exec/s: 242854 rss: 473Mb L: 3/17 MS: 1 EraseBytes-
#7184446	REDUCE cov: 28 ft: 129 corp: 43/144b lim: 40 exec/s: 239481 rss: 498Mb L: 2/17 MS: 2 EraseBytes-ShuffleBytes-
#7523388	REDUCE cov: 28 ft: 129 corp: 43/143b lim: 40 exec/s: 242689 rss: 519Mb L: 3/17 MS: 2 ChangeBinInt-EraseBytes-
#8206171	REDUCE cov: 28 ft: 129 corp: 43/142b lim: 40 exec/s: 241357 rss: 562Mb L: 3/17 MS: 3 EraseBytes-CopyPart-ChangeBinInt-
#8388608	pulse  cov: 28 ft: 129 corp: 43/142b lim: 40 exec/s: 246723 rss: 574Mb
#10200156	REDUCE cov: 28 ft: 129 corp: 43/140b lim: 40 exec/s: 242860 rss: 609Mb L: 7/17 MS: 5 CopyPart-PersAutoDict-ChangeBit-CrossOver-ChangeByte- DE: "\377\377"-
#10262499	REDUCE cov: 28 ft: 129 corp: 43/139b lim: 40 exec/s: 244345 rss: 609Mb L: 6/17 MS: 3 ChangeBinInt-InsertByte-EraseBytes-
#10637401	REDUCE cov: 28 ft: 129 corp: 43/133b lim: 40 exec/s: 247381 rss: 613Mb L: 9/17 MS: 2 ChangeBit-EraseBytes-
#14252212	REDUCE cov: 28 ft: 129 corp: 43/132b lim: 40 exec/s: 245727 rss: 613Mb L: 1/17 MS: 1 EraseBytes-
#16777216	pulse  cov: 28 ft: 129 corp: 43/132b lim: 40 exec/s: 250406 rss: 613Mb
#17609483	REDUCE cov: 28 ft: 129 corp: 43/131b lim: 40 exec/s: 251564 rss: 613Mb L: 1/17 MS: 1 EraseBytes-
#18411084	REDUCE cov: 28 ft: 129 corp: 43/130b lim: 40 exec/s: 248798 rss: 613Mb L: 1/17 MS: 1 EraseBytes-
#18483011	REDUCE cov: 28 ft: 129 corp: 43/128b lim: 40 exec/s: 249770 rss: 613Mb L: 4/17 MS: 2 CopyPart-EraseBytes-
#19563522	REDUCE cov: 28 ft: 129 corp: 43/127b lim: 40 exec/s: 250814 rss: 613Mb L: 3/17 MS: 1 EraseBytes-
#19565468	REDUCE cov: 28 ft: 129 corp: 43/126b lim: 40 exec/s: 250839 rss: 613Mb L: 2/17 MS: 1 EraseBytes-
#28913499	REDUCE cov: 28 ft: 129 corp: 43/125b lim: 40 exec/s: 251421 rss: 615Mb L: 1/17 MS: 1 EraseBytes-
#30465415	REDUCE cov: 28 ft: 129 corp: 43/124b lim: 40 exec/s: 251780 rss: 615Mb L: 1/17 MS: 1 EraseBytes-
#33266687	REDUCE cov: 28 ft: 129 corp: 43/123b lim: 40 exec/s: 252020 rss: 615Mb L: 4/17 MS: 2 ChangeByte-EraseBytes-
#33554432	pulse  cov: 28 ft: 129 corp: 43/123b lim: 40 exec/s: 252288 rss: 615Mb
#33778043	REDUCE cov: 28 ft: 129 corp: 43/122b lim: 40 exec/s: 252074 rss: 615Mb L: 2/17 MS: 1 EraseBytes-
#40811909	REDUCE cov: 28 ft: 129 corp: 43/121b lim: 40 exec/s: 253490 rss: 615Mb L: 1/17 MS: 1 EraseBytes-
#50146924	REDUCE cov: 28 ft: 129 corp: 43/120b lim: 40 exec/s: 254552 rss: 616Mb L: 3/17 MS: 5 CopyPart-EraseBytes-ChangeBit-ChangeBinInt-ChangeBit-
#59053165	REDUCE cov: 28 ft: 129 corp: 43/119b lim: 40 exec/s: 253447 rss: 616Mb L: 1/17 MS: 1 EraseBytes-
#67108864	pulse  cov: 28 ft: 129 corp: 43/119b lim: 40 exec/s: 254200 rss: 616Mb
#83665687	REDUCE cov: 28 ft: 129 corp: 43/118b lim: 40 exec/s: 255078 rss: 616Mb L: 1/17 MS: 2 CopyPart-EraseBytes-
#83683628	REDUCE cov: 28 ft: 129 corp: 43/117b lim: 40 exec/s: 254357 rss: 616Mb L: 4/17 MS: 1 EraseBytes-
#101986095	REDUCE cov: 28 ft: 129 corp: 43/116b lim: 40 exec/s: 255604 rss: 617Mb L: 2/17 MS: 2 InsertByte-EraseBytes-
#105412416	REDUCE cov: 28 ft: 129 corp: 43/114b lim: 40 exec/s: 255235 rss: 617Mb L: 2/17 MS: 1 EraseBytes-
#132402832	REDUCE cov: 28 ft: 129 corp: 43/112b lim: 40 exec/s: 256098 rss: 617Mb L: 7/17 MS: 1 EraseBytes-
#134217728	pulse  cov: 28 ft: 129 corp: 43/112b lim: 40 exec/s: 256140 rss: 617Mb
#154723829	REDUCE cov: 28 ft: 129 corp: 43/111b lim: 40 exec/s: 256590 rss: 618Mb L: 10/17 MS: 2 EraseBytes-CrossOver-
#184302670	REDUCE cov: 28 ft: 129 corp: 43/110b lim: 40 exec/s: 257405 rss: 619Mb L: 1/17 MS: 1 EraseBytes-
#197887272	REDUCE cov: 28 ft: 129 corp: 43/108b lim: 40 exec/s: 257665 rss: 619Mb L: 5/17 MS: 2 ChangeBinInt-EraseBytes-
#211342193	REDUCE cov: 28 ft: 129 corp: 43/107b lim: 40 exec/s: 257734 rss: 620Mb L: 3/17 MS: 1 EraseBytes-
#268435456	pulse  cov: 28 ft: 129 corp: 43/107b lim: 40 exec/s: 257615 rss: 621Mb
#275688227	REDUCE cov: 28 ft: 129 corp: 43/106b lim: 40 exec/s: 257652 rss: 621Mb L: 2/17 MS: 4 ShuffleBytes-ChangeByte-EraseBytes-ChangeByte-
#366654114	REDUCE cov: 28 ft: 129 corp: 43/105b lim: 40 exec/s: 257481 rss: 621Mb L: 1/17 MS: 2 ShuffleBytes-EraseBytes-
#536870912	pulse  cov: 28 ft: 129 corp: 43/105b lim: 40 exec/s: 258235 rss: 623Mb
#614064510	REDUCE cov: 28 ft: 129 corp: 43/103b lim: 40 exec/s: 258335 rss: 623Mb L: 15/15 MS: 1 EraseBytes-
#881228548	REDUCE cov: 28 ft: 129 corp: 43/99b lim: 40 exec/s: 258349 rss: 624Mb L: 11/13 MS: 3 EraseBytes-CopyPart-CopyPart-
#956887578	REDUCE cov: 28 ft: 129 corp: 43/95b lim: 40 exec/s: 258199 rss: 627Mb L: 7/13 MS: 5 CrossOver-EraseBytes-CrossOver-CopyPart-CrossOver-
#1073741824	pulse  cov: 28 ft: 129 corp: 43/95b lim: 40 exec/s: 258235 rss: 630Mb
#1546649779	REDUCE cov: 28 ft: 129 corp: 43/94b lim: 40 exec/s: 258421 rss: 630Mb L: 2/13 MS: 1 EraseBytes-
#1577136751	REDUCE cov: 28 ft: 129 corp: 43/90b lim: 40 exec/s: 258462 rss: 631Mb L: 9/13 MS: 2 EraseBytes-ShuffleBytes-
#2147483648	pulse  cov: 28 ft: 129 corp: 43/90b lim: 40 exec/s: 258888 rss: 634Mb
==40274== libFuzzer: run interrupted; exiting
